{
  "stats": {
    "suites": 1,
    "tests": 5,
    "passes": 0,
    "pending": 0,
    "failures": 5,
    "start": "2025-05-11T15:21:50.810Z",
    "end": "2025-05-11T15:21:53.824Z",
    "duration": 3014,
    "testsRegistered": 5,
    "passPercent": 0,
    "pendingPercent": 0,
    "other": 0,
    "hasOther": false,
    "skipped": 0,
    "hasSkipped": false
  },
  "results": [
    {
      "uuid": "5325e8b0-208f-4817-8b98-c143521c8fbc",
      "title": "",
      "fullFile": "cypress/e2e/features/assignment_editing.feature",
      "file": "cypress/e2e/features/assignment_editing.feature",
      "beforeHooks": [],
      "afterHooks": [],
      "tests": [],
      "suites": [
        {
          "uuid": "330b2d37-aaf4-4fa7-b9f3-5e6cb5fb1d24",
          "title": "Assignment Editing and Updating",
          "fullFile": "",
          "file": "",
          "beforeHooks": [],
          "afterHooks": [],
          "tests": [
            {
              "title": "Editing an unpublished assignment",
              "fullTitle": "Assignment Editing and Updating Editing an unpublished assignment",
              "timedOut": null,
              "duration": 687,
              "state": "failed",
              "speed": null,
              "pass": false,
              "fail": true,
              "pending": false,
              "context": "{\n  \"title\": \"cypress-mochawesome-reporter-videos-failed\",\n  \"value\": \"cypress/e2e/features/assignment_editing.feature\"\n}",
              "code": "var _a2, _b, _c, _d, _e;\nconst { remainingSteps, testCaseStartedId } = retrieveInternalSpecProperties();\n(0, registry_1.assignRegistry)(registry2);\nmessages.stack.push({\n  testCaseStarted: {\n    id: testCaseStartedId,\n    testCaseId,\n    attempt: attempt++,\n    timestamp: (0, messages_helpers_1.createTimestamp)()\n  }\n});\nflushMessages(context.messages);\nwindow.testState = {\n  gherkinDocument,\n  pickles,\n  pickle\n};\nfor (const step of steps) {\n  if (step.hook) {\n    const hook = step.hook;\n    cy.then(() => {\n      delete window.testState.pickleStep;\n      const start = (0, messages_helpers_1.createTimestamp)();\n      messages.stack.push({\n        testStepStarted: {\n          testStepId: hook.id,\n          testCaseStartedId,\n          timestamp: start\n        }\n      });\n      if (messages.enabled) {\n        cy.task(constants_1.TASK_TEST_STEP_STARTED, hook.id, { log: false });\n      }\n      return cy.wrap(start, { log: false });\n    }).then((start) => {\n      (0, cypress_1.runStepWithLogGroup)({\n        fn: () => registry2.runHook(this, hook),\n        keyword: hook.keyword\n      });\n      return cy.wrap(start, { log: false });\n    }).then((start) => {\n      const end = (0, messages_helpers_1.createTimestamp)();\n      messages.stack.push({\n        testStepFinished: {\n          testStepId: hook.id,\n          testCaseStartedId,\n          testStepResult: {\n            status: Status.Passed,\n            duration: (0, messages_helpers_1.duration)(start, end)\n          },\n          timestamp: end\n        }\n      });\n      remainingSteps.shift();\n    });\n  } else if (step.pickleStep) {\n    const pickleStep = step.pickleStep;\n    const text = (0, assertions_1.assertAndReturn)(pickleStep.text, \"Expected pickle step to have a text\");\n    const scenarioStep = (0, assertions_1.assertAndReturn)(astIdMap.get((0, assertions_1.assertAndReturn)((_a2 = pickleStep.astNodeIds) === null || _a2 === void 0 ? void 0 : _a2[0], \"Expected to find at least one astNodeId\")), `Expected to find scenario step associated with id = ${(_b = pickleStep.astNodeIds) === null || _b === void 0 ? void 0 : _b[0]}`);\n    const argument = ((_c = pickleStep.argument) === null || _c === void 0 ? void 0 : _c.dataTable) ? new data_table_1.default(pickleStep.argument.dataTable) : ((_e = (_d = pickleStep.argument) === null || _d === void 0 ? void 0 : _d.docString) === null || _e === void 0 ? void 0 : _e.content) ? pickleStep.argument.docString.content : void 0;\n    cy.then(() => {\n      window.testState.pickleStep = step.pickleStep;\n      internalProperties.currentStep = { pickleStep };\n      const start = (0, messages_helpers_1.createTimestamp)();\n      messages.stack.push({\n        testStepStarted: {\n          testStepId: pickleStep.id,\n          testCaseStartedId,\n          timestamp: start\n        }\n      });\n      if (messages.enabled) {\n        cy.task(constants_1.TASK_TEST_STEP_STARTED, pickleStep.id, { log: false });\n      }\n      return cy.wrap(start, { log: false });\n    }).then((start) => {\n      try {\n        return (0, cypress_1.runStepWithLogGroup)({\n          keyword: (0, assertions_1.assertAndReturn)(\"keyword\" in scenarioStep && scenarioStep.keyword, \"Expected to find a keyword in the scenario step\"),\n          text,\n          fn: () => registry2.runStepDefininition(this, text, argument)\n        }).then((result) => {\n          return {\n            start,\n            result\n          };\n        });\n      } catch (e) {\n        if (e instanceof registry_1.MissingDefinitionError) {\n          throw new Error(createMissingStepDefinitionMessage(context, pickleStep, context.registry.parameterTypeRegistry));\n        } else {\n          throw e;\n        }\n      }\n    }).then(({ start, result }) => {\n      var _a3, _b2, _c2;\n      const end = (0, messages_helpers_1.createTimestamp)();\n      if (result === \"pending\") {\n        messages.stack.push({\n          testStepFinished: {\n            testStepId: pickleStep.id,\n            testCaseStartedId,\n            testStepResult: {\n              status: Status.Pending,\n              duration: (0, messages_helpers_1.duration)(start, end)\n            },\n            timestamp: end\n          }\n        });\n        remainingSteps.shift();\n        for (const skippedStep of remainingSteps) {\n          const testStepId = (0, assertions_1.assertAndReturn)((_b2 = (_a3 = skippedStep.hook) === null || _a3 === void 0 ? void 0 : _a3.id) !== null && _b2 !== void 0 ? _b2 : (_c2 = skippedStep.pickleStep) === null || _c2 === void 0 ? void 0 : _c2.id, \"Expected a step to either be a hook or a pickleStep\");\n          messages.stack.push({\n            testStepStarted: {\n              testStepId,\n              testCaseStartedId,\n              timestamp: (0, messages_helpers_1.createTimestamp)()\n            }\n          });\n          messages.stack.push({\n            testStepFinished: {\n              testStepId,\n              testCaseStartedId,\n              testStepResult: {\n                status: Status.Skipped,\n                duration: {\n                  seconds: 0,\n                  nanos: 0\n                }\n              },\n              timestamp: (0, messages_helpers_1.createTimestamp)()\n            }\n          });\n        }\n        for (let i = 0, count = remainingSteps.length; i < count; i++) {\n          remainingSteps.pop();\n        }\n        this.skip();\n      } else {\n        messages.stack.push({\n          testStepFinished: {\n            testStepId: pickleStep.id,\n            testCaseStartedId,\n            testStepResult: {\n              status: Status.Passed,\n              duration: (0, messages_helpers_1.duration)(start, end)\n            },\n            timestamp: end\n          }\n        });\n        remainingSteps.shift();\n      }\n    });\n  }\n}",
              "err": {
                "message": "CypressError: `cy.visit()` failed trying to load:\n\nhttp://localhost:3001/schedules\n\nThe `content-type` of the response we received from your web server was:\n\n  > `application/json`\n\nThis was considered a failure because responses must have `content-type: 'text/html'`\n\nHowever, you can likely use `cy.request()` instead of `cy.visit()`.\n\n`cy.request()` will automatically get and set cookies and enable you to parse responses.",
                "estack": "CypressError: `cy.visit()` failed trying to load:\n\nhttp://localhost:3001/schedules\n\nThe `content-type` of the response we received from your web server was:\n\n  > `application/json`\n\nThis was considered a failure because responses must have `content-type: 'text/html'`\n\nHowever, you can likely use `cy.request()` instead of `cy.visit()`.\n\n`cy.request()` will automatically get and set cookies and enable you to parse responses.\n    at <unknown> (http://localhost:3001/__cypress/runner/cypress_runner.js:130296:76)\n    at visitFailedByErr (http://localhost:3001/__cypress/runner/cypress_runner.js:129704:12)\n    at <unknown> (http://localhost:3001/__cypress/runner/cypress_runner.js:130279:13)\n    at tryCatcher (http://localhost:3001/__cypress/runner/cypress_runner.js:1807:23)\n    at Promise._settlePromiseFromHandler (http://localhost:3001/__cypress/runner/cypress_runner.js:1519:31)\n    at Promise._settlePromise (http://localhost:3001/__cypress/runner/cypress_runner.js:1576:18)\n    at Promise._settlePromise0 (http://localhost:3001/__cypress/runner/cypress_runner.js:1621:10)\n    at Promise._settlePromises (http://localhost:3001/__cypress/runner/cypress_runner.js:1697:18)\n    at _drainQueueStep (http://localhost:3001/__cypress/runner/cypress_runner.js:2407:12)\n    at _drainQueue (http://localhost:3001/__cypress/runner/cypress_runner.js:2400:9)\n    at Async._drainQueues (http://localhost:3001/__cypress/runner/cypress_runner.js:2416:5)\n    at Async.drainQueues (http://localhost:3001/__cypress/runner/cypress_runner.js:2286:14)\nFrom Your Spec Code:\n    at Context.eval (http://localhost:3001/__cypress/tests?p=cypress/e2e/features/assignment_editing.feature:10719:12)\n    at Registry.runStepDefininition (http://localhost:3001/__cypress/tests?p=cypress/e2e/features/assignment_editing.feature:9255:48)\n    at Object.fn (http://localhost:3001/__cypress/tests?p=cypress/e2e/features/assignment_editing.feature:10156:41)\n    at runStepWithLogGroup (http://localhost:3001/__cypress/tests?p=cypress/e2e/features/assignment_editing.feature:9860:36)\n    at Context.eval (http://localhost:3001/__cypress/tests?p=cypress/e2e/features/assignment_editing.feature:10153:60)",
                "diff": null
              },
              "uuid": "fc970be8-ff12-41f8-a6ef-b65468eb1b3b",
              "parentUUID": "330b2d37-aaf4-4fa7-b9f3-5e6cb5fb1d24",
              "isHook": false,
              "skipped": false
            },
            {
              "title": "Making limited changes to a published assignment",
              "fullTitle": "Assignment Editing and Updating Making limited changes to a published assignment",
              "timedOut": null,
              "duration": 628,
              "state": "failed",
              "speed": null,
              "pass": false,
              "fail": true,
              "pending": false,
              "context": "{\n  \"title\": \"cypress-mochawesome-reporter-videos-failed\",\n  \"value\": \"cypress/e2e/features/assignment_editing.feature\"\n}",
              "code": "var _a2, _b, _c, _d, _e;\nconst { remainingSteps, testCaseStartedId } = retrieveInternalSpecProperties();\n(0, registry_1.assignRegistry)(registry2);\nmessages.stack.push({\n  testCaseStarted: {\n    id: testCaseStartedId,\n    testCaseId,\n    attempt: attempt++,\n    timestamp: (0, messages_helpers_1.createTimestamp)()\n  }\n});\nflushMessages(context.messages);\nwindow.testState = {\n  gherkinDocument,\n  pickles,\n  pickle\n};\nfor (const step of steps) {\n  if (step.hook) {\n    const hook = step.hook;\n    cy.then(() => {\n      delete window.testState.pickleStep;\n      const start = (0, messages_helpers_1.createTimestamp)();\n      messages.stack.push({\n        testStepStarted: {\n          testStepId: hook.id,\n          testCaseStartedId,\n          timestamp: start\n        }\n      });\n      if (messages.enabled) {\n        cy.task(constants_1.TASK_TEST_STEP_STARTED, hook.id, { log: false });\n      }\n      return cy.wrap(start, { log: false });\n    }).then((start) => {\n      (0, cypress_1.runStepWithLogGroup)({\n        fn: () => registry2.runHook(this, hook),\n        keyword: hook.keyword\n      });\n      return cy.wrap(start, { log: false });\n    }).then((start) => {\n      const end = (0, messages_helpers_1.createTimestamp)();\n      messages.stack.push({\n        testStepFinished: {\n          testStepId: hook.id,\n          testCaseStartedId,\n          testStepResult: {\n            status: Status.Passed,\n            duration: (0, messages_helpers_1.duration)(start, end)\n          },\n          timestamp: end\n        }\n      });\n      remainingSteps.shift();\n    });\n  } else if (step.pickleStep) {\n    const pickleStep = step.pickleStep;\n    const text = (0, assertions_1.assertAndReturn)(pickleStep.text, \"Expected pickle step to have a text\");\n    const scenarioStep = (0, assertions_1.assertAndReturn)(astIdMap.get((0, assertions_1.assertAndReturn)((_a2 = pickleStep.astNodeIds) === null || _a2 === void 0 ? void 0 : _a2[0], \"Expected to find at least one astNodeId\")), `Expected to find scenario step associated with id = ${(_b = pickleStep.astNodeIds) === null || _b === void 0 ? void 0 : _b[0]}`);\n    const argument = ((_c = pickleStep.argument) === null || _c === void 0 ? void 0 : _c.dataTable) ? new data_table_1.default(pickleStep.argument.dataTable) : ((_e = (_d = pickleStep.argument) === null || _d === void 0 ? void 0 : _d.docString) === null || _e === void 0 ? void 0 : _e.content) ? pickleStep.argument.docString.content : void 0;\n    cy.then(() => {\n      window.testState.pickleStep = step.pickleStep;\n      internalProperties.currentStep = { pickleStep };\n      const start = (0, messages_helpers_1.createTimestamp)();\n      messages.stack.push({\n        testStepStarted: {\n          testStepId: pickleStep.id,\n          testCaseStartedId,\n          timestamp: start\n        }\n      });\n      if (messages.enabled) {\n        cy.task(constants_1.TASK_TEST_STEP_STARTED, pickleStep.id, { log: false });\n      }\n      return cy.wrap(start, { log: false });\n    }).then((start) => {\n      try {\n        return (0, cypress_1.runStepWithLogGroup)({\n          keyword: (0, assertions_1.assertAndReturn)(\"keyword\" in scenarioStep && scenarioStep.keyword, \"Expected to find a keyword in the scenario step\"),\n          text,\n          fn: () => registry2.runStepDefininition(this, text, argument)\n        }).then((result) => {\n          return {\n            start,\n            result\n          };\n        });\n      } catch (e) {\n        if (e instanceof registry_1.MissingDefinitionError) {\n          throw new Error(createMissingStepDefinitionMessage(context, pickleStep, context.registry.parameterTypeRegistry));\n        } else {\n          throw e;\n        }\n      }\n    }).then(({ start, result }) => {\n      var _a3, _b2, _c2;\n      const end = (0, messages_helpers_1.createTimestamp)();\n      if (result === \"pending\") {\n        messages.stack.push({\n          testStepFinished: {\n            testStepId: pickleStep.id,\n            testCaseStartedId,\n            testStepResult: {\n              status: Status.Pending,\n              duration: (0, messages_helpers_1.duration)(start, end)\n            },\n            timestamp: end\n          }\n        });\n        remainingSteps.shift();\n        for (const skippedStep of remainingSteps) {\n          const testStepId = (0, assertions_1.assertAndReturn)((_b2 = (_a3 = skippedStep.hook) === null || _a3 === void 0 ? void 0 : _a3.id) !== null && _b2 !== void 0 ? _b2 : (_c2 = skippedStep.pickleStep) === null || _c2 === void 0 ? void 0 : _c2.id, \"Expected a step to either be a hook or a pickleStep\");\n          messages.stack.push({\n            testStepStarted: {\n              testStepId,\n              testCaseStartedId,\n              timestamp: (0, messages_helpers_1.createTimestamp)()\n            }\n          });\n          messages.stack.push({\n            testStepFinished: {\n              testStepId,\n              testCaseStartedId,\n              testStepResult: {\n                status: Status.Skipped,\n                duration: {\n                  seconds: 0,\n                  nanos: 0\n                }\n              },\n              timestamp: (0, messages_helpers_1.createTimestamp)()\n            }\n          });\n        }\n        for (let i = 0, count = remainingSteps.length; i < count; i++) {\n          remainingSteps.pop();\n        }\n        this.skip();\n      } else {\n        messages.stack.push({\n          testStepFinished: {\n            testStepId: pickleStep.id,\n            testCaseStartedId,\n            testStepResult: {\n              status: Status.Passed,\n              duration: (0, messages_helpers_1.duration)(start, end)\n            },\n            timestamp: end\n          }\n        });\n        remainingSteps.shift();\n      }\n    });\n  }\n}",
              "err": {
                "message": "CypressError: `cy.visit()` failed trying to load:\n\nhttp://localhost:3001/schedules\n\nThe `content-type` of the response we received from your web server was:\n\n  > `application/json`\n\nThis was considered a failure because responses must have `content-type: 'text/html'`\n\nHowever, you can likely use `cy.request()` instead of `cy.visit()`.\n\n`cy.request()` will automatically get and set cookies and enable you to parse responses.",
                "estack": "CypressError: `cy.visit()` failed trying to load:\n\nhttp://localhost:3001/schedules\n\nThe `content-type` of the response we received from your web server was:\n\n  > `application/json`\n\nThis was considered a failure because responses must have `content-type: 'text/html'`\n\nHowever, you can likely use `cy.request()` instead of `cy.visit()`.\n\n`cy.request()` will automatically get and set cookies and enable you to parse responses.\n    at <unknown> (http://localhost:3001/__cypress/runner/cypress_runner.js:130296:76)\n    at visitFailedByErr (http://localhost:3001/__cypress/runner/cypress_runner.js:129704:12)\n    at <unknown> (http://localhost:3001/__cypress/runner/cypress_runner.js:130279:13)\n    at tryCatcher (http://localhost:3001/__cypress/runner/cypress_runner.js:1807:23)\n    at Promise._settlePromiseFromHandler (http://localhost:3001/__cypress/runner/cypress_runner.js:1519:31)\n    at Promise._settlePromise (http://localhost:3001/__cypress/runner/cypress_runner.js:1576:18)\n    at Promise._settlePromise0 (http://localhost:3001/__cypress/runner/cypress_runner.js:1621:10)\n    at Promise._settlePromises (http://localhost:3001/__cypress/runner/cypress_runner.js:1697:18)\n    at _drainQueueStep (http://localhost:3001/__cypress/runner/cypress_runner.js:2407:12)\n    at _drainQueue (http://localhost:3001/__cypress/runner/cypress_runner.js:2400:9)\n    at Async._drainQueues (http://localhost:3001/__cypress/runner/cypress_runner.js:2416:5)\n    at Async.drainQueues (http://localhost:3001/__cypress/runner/cypress_runner.js:2286:14)\nFrom Your Spec Code:\n    at Context.eval (http://localhost:3001/__cypress/tests?p=cypress/e2e/features/assignment_editing.feature:10719:12)\n    at Registry.runStepDefininition (http://localhost:3001/__cypress/tests?p=cypress/e2e/features/assignment_editing.feature:9255:48)\n    at Object.fn (http://localhost:3001/__cypress/tests?p=cypress/e2e/features/assignment_editing.feature:10156:41)\n    at runStepWithLogGroup (http://localhost:3001/__cypress/tests?p=cypress/e2e/features/assignment_editing.feature:9860:36)\n    at Context.eval (http://localhost:3001/__cypress/tests?p=cypress/e2e/features/assignment_editing.feature:10153:60)",
                "diff": null
              },
              "uuid": "2f2cb654-ab68-46fd-8e76-cc8a8f30c735",
              "parentUUID": "330b2d37-aaf4-4fa7-b9f3-5e6cb5fb1d24",
              "isHook": false,
              "skipped": false
            },
            {
              "title": "Attempting to reduce deadline of an assignment with submissions",
              "fullTitle": "Assignment Editing and Updating Attempting to reduce deadline of an assignment with submissions",
              "timedOut": null,
              "duration": 534,
              "state": "failed",
              "speed": null,
              "pass": false,
              "fail": true,
              "pending": false,
              "context": "{\n  \"title\": \"cypress-mochawesome-reporter-videos-failed\",\n  \"value\": \"cypress/e2e/features/assignment_editing.feature\"\n}",
              "code": "var _a2, _b, _c, _d, _e;\nconst { remainingSteps, testCaseStartedId } = retrieveInternalSpecProperties();\n(0, registry_1.assignRegistry)(registry2);\nmessages.stack.push({\n  testCaseStarted: {\n    id: testCaseStartedId,\n    testCaseId,\n    attempt: attempt++,\n    timestamp: (0, messages_helpers_1.createTimestamp)()\n  }\n});\nflushMessages(context.messages);\nwindow.testState = {\n  gherkinDocument,\n  pickles,\n  pickle\n};\nfor (const step of steps) {\n  if (step.hook) {\n    const hook = step.hook;\n    cy.then(() => {\n      delete window.testState.pickleStep;\n      const start = (0, messages_helpers_1.createTimestamp)();\n      messages.stack.push({\n        testStepStarted: {\n          testStepId: hook.id,\n          testCaseStartedId,\n          timestamp: start\n        }\n      });\n      if (messages.enabled) {\n        cy.task(constants_1.TASK_TEST_STEP_STARTED, hook.id, { log: false });\n      }\n      return cy.wrap(start, { log: false });\n    }).then((start) => {\n      (0, cypress_1.runStepWithLogGroup)({\n        fn: () => registry2.runHook(this, hook),\n        keyword: hook.keyword\n      });\n      return cy.wrap(start, { log: false });\n    }).then((start) => {\n      const end = (0, messages_helpers_1.createTimestamp)();\n      messages.stack.push({\n        testStepFinished: {\n          testStepId: hook.id,\n          testCaseStartedId,\n          testStepResult: {\n            status: Status.Passed,\n            duration: (0, messages_helpers_1.duration)(start, end)\n          },\n          timestamp: end\n        }\n      });\n      remainingSteps.shift();\n    });\n  } else if (step.pickleStep) {\n    const pickleStep = step.pickleStep;\n    const text = (0, assertions_1.assertAndReturn)(pickleStep.text, \"Expected pickle step to have a text\");\n    const scenarioStep = (0, assertions_1.assertAndReturn)(astIdMap.get((0, assertions_1.assertAndReturn)((_a2 = pickleStep.astNodeIds) === null || _a2 === void 0 ? void 0 : _a2[0], \"Expected to find at least one astNodeId\")), `Expected to find scenario step associated with id = ${(_b = pickleStep.astNodeIds) === null || _b === void 0 ? void 0 : _b[0]}`);\n    const argument = ((_c = pickleStep.argument) === null || _c === void 0 ? void 0 : _c.dataTable) ? new data_table_1.default(pickleStep.argument.dataTable) : ((_e = (_d = pickleStep.argument) === null || _d === void 0 ? void 0 : _d.docString) === null || _e === void 0 ? void 0 : _e.content) ? pickleStep.argument.docString.content : void 0;\n    cy.then(() => {\n      window.testState.pickleStep = step.pickleStep;\n      internalProperties.currentStep = { pickleStep };\n      const start = (0, messages_helpers_1.createTimestamp)();\n      messages.stack.push({\n        testStepStarted: {\n          testStepId: pickleStep.id,\n          testCaseStartedId,\n          timestamp: start\n        }\n      });\n      if (messages.enabled) {\n        cy.task(constants_1.TASK_TEST_STEP_STARTED, pickleStep.id, { log: false });\n      }\n      return cy.wrap(start, { log: false });\n    }).then((start) => {\n      try {\n        return (0, cypress_1.runStepWithLogGroup)({\n          keyword: (0, assertions_1.assertAndReturn)(\"keyword\" in scenarioStep && scenarioStep.keyword, \"Expected to find a keyword in the scenario step\"),\n          text,\n          fn: () => registry2.runStepDefininition(this, text, argument)\n        }).then((result) => {\n          return {\n            start,\n            result\n          };\n        });\n      } catch (e) {\n        if (e instanceof registry_1.MissingDefinitionError) {\n          throw new Error(createMissingStepDefinitionMessage(context, pickleStep, context.registry.parameterTypeRegistry));\n        } else {\n          throw e;\n        }\n      }\n    }).then(({ start, result }) => {\n      var _a3, _b2, _c2;\n      const end = (0, messages_helpers_1.createTimestamp)();\n      if (result === \"pending\") {\n        messages.stack.push({\n          testStepFinished: {\n            testStepId: pickleStep.id,\n            testCaseStartedId,\n            testStepResult: {\n              status: Status.Pending,\n              duration: (0, messages_helpers_1.duration)(start, end)\n            },\n            timestamp: end\n          }\n        });\n        remainingSteps.shift();\n        for (const skippedStep of remainingSteps) {\n          const testStepId = (0, assertions_1.assertAndReturn)((_b2 = (_a3 = skippedStep.hook) === null || _a3 === void 0 ? void 0 : _a3.id) !== null && _b2 !== void 0 ? _b2 : (_c2 = skippedStep.pickleStep) === null || _c2 === void 0 ? void 0 : _c2.id, \"Expected a step to either be a hook or a pickleStep\");\n          messages.stack.push({\n            testStepStarted: {\n              testStepId,\n              testCaseStartedId,\n              timestamp: (0, messages_helpers_1.createTimestamp)()\n            }\n          });\n          messages.stack.push({\n            testStepFinished: {\n              testStepId,\n              testCaseStartedId,\n              testStepResult: {\n                status: Status.Skipped,\n                duration: {\n                  seconds: 0,\n                  nanos: 0\n                }\n              },\n              timestamp: (0, messages_helpers_1.createTimestamp)()\n            }\n          });\n        }\n        for (let i = 0, count = remainingSteps.length; i < count; i++) {\n          remainingSteps.pop();\n        }\n        this.skip();\n      } else {\n        messages.stack.push({\n          testStepFinished: {\n            testStepId: pickleStep.id,\n            testCaseStartedId,\n            testStepResult: {\n              status: Status.Passed,\n              duration: (0, messages_helpers_1.duration)(start, end)\n            },\n            timestamp: end\n          }\n        });\n        remainingSteps.shift();\n      }\n    });\n  }\n}",
              "err": {
                "message": "CypressError: `cy.visit()` failed trying to load:\n\nhttp://localhost:3001/schedules\n\nThe `content-type` of the response we received from your web server was:\n\n  > `application/json`\n\nThis was considered a failure because responses must have `content-type: 'text/html'`\n\nHowever, you can likely use `cy.request()` instead of `cy.visit()`.\n\n`cy.request()` will automatically get and set cookies and enable you to parse responses.",
                "estack": "CypressError: `cy.visit()` failed trying to load:\n\nhttp://localhost:3001/schedules\n\nThe `content-type` of the response we received from your web server was:\n\n  > `application/json`\n\nThis was considered a failure because responses must have `content-type: 'text/html'`\n\nHowever, you can likely use `cy.request()` instead of `cy.visit()`.\n\n`cy.request()` will automatically get and set cookies and enable you to parse responses.\n    at <unknown> (http://localhost:3001/__cypress/runner/cypress_runner.js:130296:76)\n    at visitFailedByErr (http://localhost:3001/__cypress/runner/cypress_runner.js:129704:12)\n    at <unknown> (http://localhost:3001/__cypress/runner/cypress_runner.js:130279:13)\n    at tryCatcher (http://localhost:3001/__cypress/runner/cypress_runner.js:1807:23)\n    at Promise._settlePromiseFromHandler (http://localhost:3001/__cypress/runner/cypress_runner.js:1519:31)\n    at Promise._settlePromise (http://localhost:3001/__cypress/runner/cypress_runner.js:1576:18)\n    at Promise._settlePromise0 (http://localhost:3001/__cypress/runner/cypress_runner.js:1621:10)\n    at Promise._settlePromises (http://localhost:3001/__cypress/runner/cypress_runner.js:1697:18)\n    at _drainQueueStep (http://localhost:3001/__cypress/runner/cypress_runner.js:2407:12)\n    at _drainQueue (http://localhost:3001/__cypress/runner/cypress_runner.js:2400:9)\n    at Async._drainQueues (http://localhost:3001/__cypress/runner/cypress_runner.js:2416:5)\n    at Async.drainQueues (http://localhost:3001/__cypress/runner/cypress_runner.js:2286:14)\nFrom Your Spec Code:\n    at Context.eval (http://localhost:3001/__cypress/tests?p=cypress/e2e/features/assignment_editing.feature:10719:12)\n    at Registry.runStepDefininition (http://localhost:3001/__cypress/tests?p=cypress/e2e/features/assignment_editing.feature:9255:48)\n    at Object.fn (http://localhost:3001/__cypress/tests?p=cypress/e2e/features/assignment_editing.feature:10156:41)\n    at runStepWithLogGroup (http://localhost:3001/__cypress/tests?p=cypress/e2e/features/assignment_editing.feature:9860:36)\n    at Context.eval (http://localhost:3001/__cypress/tests?p=cypress/e2e/features/assignment_editing.feature:10153:60)",
                "diff": null
              },
              "uuid": "e0597427-ee5d-435f-89ab-dd8c90950a4b",
              "parentUUID": "330b2d37-aaf4-4fa7-b9f3-5e6cb5fb1d24",
              "isHook": false,
              "skipped": false
            },
            {
              "title": "Adding new file attachments to a published assignment",
              "fullTitle": "Assignment Editing and Updating Adding new file attachments to a published assignment",
              "timedOut": null,
              "duration": 533,
              "state": "failed",
              "speed": null,
              "pass": false,
              "fail": true,
              "pending": false,
              "context": "{\n  \"title\": \"cypress-mochawesome-reporter-videos-failed\",\n  \"value\": \"cypress/e2e/features/assignment_editing.feature\"\n}",
              "code": "var _a2, _b, _c, _d, _e;\nconst { remainingSteps, testCaseStartedId } = retrieveInternalSpecProperties();\n(0, registry_1.assignRegistry)(registry2);\nmessages.stack.push({\n  testCaseStarted: {\n    id: testCaseStartedId,\n    testCaseId,\n    attempt: attempt++,\n    timestamp: (0, messages_helpers_1.createTimestamp)()\n  }\n});\nflushMessages(context.messages);\nwindow.testState = {\n  gherkinDocument,\n  pickles,\n  pickle\n};\nfor (const step of steps) {\n  if (step.hook) {\n    const hook = step.hook;\n    cy.then(() => {\n      delete window.testState.pickleStep;\n      const start = (0, messages_helpers_1.createTimestamp)();\n      messages.stack.push({\n        testStepStarted: {\n          testStepId: hook.id,\n          testCaseStartedId,\n          timestamp: start\n        }\n      });\n      if (messages.enabled) {\n        cy.task(constants_1.TASK_TEST_STEP_STARTED, hook.id, { log: false });\n      }\n      return cy.wrap(start, { log: false });\n    }).then((start) => {\n      (0, cypress_1.runStepWithLogGroup)({\n        fn: () => registry2.runHook(this, hook),\n        keyword: hook.keyword\n      });\n      return cy.wrap(start, { log: false });\n    }).then((start) => {\n      const end = (0, messages_helpers_1.createTimestamp)();\n      messages.stack.push({\n        testStepFinished: {\n          testStepId: hook.id,\n          testCaseStartedId,\n          testStepResult: {\n            status: Status.Passed,\n            duration: (0, messages_helpers_1.duration)(start, end)\n          },\n          timestamp: end\n        }\n      });\n      remainingSteps.shift();\n    });\n  } else if (step.pickleStep) {\n    const pickleStep = step.pickleStep;\n    const text = (0, assertions_1.assertAndReturn)(pickleStep.text, \"Expected pickle step to have a text\");\n    const scenarioStep = (0, assertions_1.assertAndReturn)(astIdMap.get((0, assertions_1.assertAndReturn)((_a2 = pickleStep.astNodeIds) === null || _a2 === void 0 ? void 0 : _a2[0], \"Expected to find at least one astNodeId\")), `Expected to find scenario step associated with id = ${(_b = pickleStep.astNodeIds) === null || _b === void 0 ? void 0 : _b[0]}`);\n    const argument = ((_c = pickleStep.argument) === null || _c === void 0 ? void 0 : _c.dataTable) ? new data_table_1.default(pickleStep.argument.dataTable) : ((_e = (_d = pickleStep.argument) === null || _d === void 0 ? void 0 : _d.docString) === null || _e === void 0 ? void 0 : _e.content) ? pickleStep.argument.docString.content : void 0;\n    cy.then(() => {\n      window.testState.pickleStep = step.pickleStep;\n      internalProperties.currentStep = { pickleStep };\n      const start = (0, messages_helpers_1.createTimestamp)();\n      messages.stack.push({\n        testStepStarted: {\n          testStepId: pickleStep.id,\n          testCaseStartedId,\n          timestamp: start\n        }\n      });\n      if (messages.enabled) {\n        cy.task(constants_1.TASK_TEST_STEP_STARTED, pickleStep.id, { log: false });\n      }\n      return cy.wrap(start, { log: false });\n    }).then((start) => {\n      try {\n        return (0, cypress_1.runStepWithLogGroup)({\n          keyword: (0, assertions_1.assertAndReturn)(\"keyword\" in scenarioStep && scenarioStep.keyword, \"Expected to find a keyword in the scenario step\"),\n          text,\n          fn: () => registry2.runStepDefininition(this, text, argument)\n        }).then((result) => {\n          return {\n            start,\n            result\n          };\n        });\n      } catch (e) {\n        if (e instanceof registry_1.MissingDefinitionError) {\n          throw new Error(createMissingStepDefinitionMessage(context, pickleStep, context.registry.parameterTypeRegistry));\n        } else {\n          throw e;\n        }\n      }\n    }).then(({ start, result }) => {\n      var _a3, _b2, _c2;\n      const end = (0, messages_helpers_1.createTimestamp)();\n      if (result === \"pending\") {\n        messages.stack.push({\n          testStepFinished: {\n            testStepId: pickleStep.id,\n            testCaseStartedId,\n            testStepResult: {\n              status: Status.Pending,\n              duration: (0, messages_helpers_1.duration)(start, end)\n            },\n            timestamp: end\n          }\n        });\n        remainingSteps.shift();\n        for (const skippedStep of remainingSteps) {\n          const testStepId = (0, assertions_1.assertAndReturn)((_b2 = (_a3 = skippedStep.hook) === null || _a3 === void 0 ? void 0 : _a3.id) !== null && _b2 !== void 0 ? _b2 : (_c2 = skippedStep.pickleStep) === null || _c2 === void 0 ? void 0 : _c2.id, \"Expected a step to either be a hook or a pickleStep\");\n          messages.stack.push({\n            testStepStarted: {\n              testStepId,\n              testCaseStartedId,\n              timestamp: (0, messages_helpers_1.createTimestamp)()\n            }\n          });\n          messages.stack.push({\n            testStepFinished: {\n              testStepId,\n              testCaseStartedId,\n              testStepResult: {\n                status: Status.Skipped,\n                duration: {\n                  seconds: 0,\n                  nanos: 0\n                }\n              },\n              timestamp: (0, messages_helpers_1.createTimestamp)()\n            }\n          });\n        }\n        for (let i = 0, count = remainingSteps.length; i < count; i++) {\n          remainingSteps.pop();\n        }\n        this.skip();\n      } else {\n        messages.stack.push({\n          testStepFinished: {\n            testStepId: pickleStep.id,\n            testCaseStartedId,\n            testStepResult: {\n              status: Status.Passed,\n              duration: (0, messages_helpers_1.duration)(start, end)\n            },\n            timestamp: end\n          }\n        });\n        remainingSteps.shift();\n      }\n    });\n  }\n}",
              "err": {
                "message": "CypressError: `cy.visit()` failed trying to load:\n\nhttp://localhost:3001/schedules\n\nThe `content-type` of the response we received from your web server was:\n\n  > `application/json`\n\nThis was considered a failure because responses must have `content-type: 'text/html'`\n\nHowever, you can likely use `cy.request()` instead of `cy.visit()`.\n\n`cy.request()` will automatically get and set cookies and enable you to parse responses.",
                "estack": "CypressError: `cy.visit()` failed trying to load:\n\nhttp://localhost:3001/schedules\n\nThe `content-type` of the response we received from your web server was:\n\n  > `application/json`\n\nThis was considered a failure because responses must have `content-type: 'text/html'`\n\nHowever, you can likely use `cy.request()` instead of `cy.visit()`.\n\n`cy.request()` will automatically get and set cookies and enable you to parse responses.\n    at <unknown> (http://localhost:3001/__cypress/runner/cypress_runner.js:130296:76)\n    at visitFailedByErr (http://localhost:3001/__cypress/runner/cypress_runner.js:129704:12)\n    at <unknown> (http://localhost:3001/__cypress/runner/cypress_runner.js:130279:13)\n    at tryCatcher (http://localhost:3001/__cypress/runner/cypress_runner.js:1807:23)\n    at Promise._settlePromiseFromHandler (http://localhost:3001/__cypress/runner/cypress_runner.js:1519:31)\n    at Promise._settlePromise (http://localhost:3001/__cypress/runner/cypress_runner.js:1576:18)\n    at Promise._settlePromise0 (http://localhost:3001/__cypress/runner/cypress_runner.js:1621:10)\n    at Promise._settlePromises (http://localhost:3001/__cypress/runner/cypress_runner.js:1697:18)\n    at _drainQueueStep (http://localhost:3001/__cypress/runner/cypress_runner.js:2407:12)\n    at _drainQueue (http://localhost:3001/__cypress/runner/cypress_runner.js:2400:9)\n    at Async._drainQueues (http://localhost:3001/__cypress/runner/cypress_runner.js:2416:5)\n    at Async.drainQueues (http://localhost:3001/__cypress/runner/cypress_runner.js:2286:14)\nFrom Your Spec Code:\n    at Context.eval (http://localhost:3001/__cypress/tests?p=cypress/e2e/features/assignment_editing.feature:10719:12)\n    at Registry.runStepDefininition (http://localhost:3001/__cypress/tests?p=cypress/e2e/features/assignment_editing.feature:9255:48)\n    at Object.fn (http://localhost:3001/__cypress/tests?p=cypress/e2e/features/assignment_editing.feature:10156:41)\n    at runStepWithLogGroup (http://localhost:3001/__cypress/tests?p=cypress/e2e/features/assignment_editing.feature:9860:36)\n    at Context.eval (http://localhost:3001/__cypress/tests?p=cypress/e2e/features/assignment_editing.feature:10153:60)",
                "diff": null
              },
              "uuid": "4e492dfc-6cdb-4b32-9782-0267af25f0cd",
              "parentUUID": "330b2d37-aaf4-4fa7-b9f3-5e6cb5fb1d24",
              "isHook": false,
              "skipped": false
            },
            {
              "title": "Removing grading criteria from a published assignment",
              "fullTitle": "Assignment Editing and Updating Removing grading criteria from a published assignment",
              "timedOut": null,
              "duration": 534,
              "state": "failed",
              "speed": null,
              "pass": false,
              "fail": true,
              "pending": false,
              "context": "{\n  \"title\": \"cypress-mochawesome-reporter-videos-failed\",\n  \"value\": \"cypress/e2e/features/assignment_editing.feature\"\n}",
              "code": "var _a2, _b, _c, _d, _e;\nconst { remainingSteps, testCaseStartedId } = retrieveInternalSpecProperties();\n(0, registry_1.assignRegistry)(registry2);\nmessages.stack.push({\n  testCaseStarted: {\n    id: testCaseStartedId,\n    testCaseId,\n    attempt: attempt++,\n    timestamp: (0, messages_helpers_1.createTimestamp)()\n  }\n});\nflushMessages(context.messages);\nwindow.testState = {\n  gherkinDocument,\n  pickles,\n  pickle\n};\nfor (const step of steps) {\n  if (step.hook) {\n    const hook = step.hook;\n    cy.then(() => {\n      delete window.testState.pickleStep;\n      const start = (0, messages_helpers_1.createTimestamp)();\n      messages.stack.push({\n        testStepStarted: {\n          testStepId: hook.id,\n          testCaseStartedId,\n          timestamp: start\n        }\n      });\n      if (messages.enabled) {\n        cy.task(constants_1.TASK_TEST_STEP_STARTED, hook.id, { log: false });\n      }\n      return cy.wrap(start, { log: false });\n    }).then((start) => {\n      (0, cypress_1.runStepWithLogGroup)({\n        fn: () => registry2.runHook(this, hook),\n        keyword: hook.keyword\n      });\n      return cy.wrap(start, { log: false });\n    }).then((start) => {\n      const end = (0, messages_helpers_1.createTimestamp)();\n      messages.stack.push({\n        testStepFinished: {\n          testStepId: hook.id,\n          testCaseStartedId,\n          testStepResult: {\n            status: Status.Passed,\n            duration: (0, messages_helpers_1.duration)(start, end)\n          },\n          timestamp: end\n        }\n      });\n      remainingSteps.shift();\n    });\n  } else if (step.pickleStep) {\n    const pickleStep = step.pickleStep;\n    const text = (0, assertions_1.assertAndReturn)(pickleStep.text, \"Expected pickle step to have a text\");\n    const scenarioStep = (0, assertions_1.assertAndReturn)(astIdMap.get((0, assertions_1.assertAndReturn)((_a2 = pickleStep.astNodeIds) === null || _a2 === void 0 ? void 0 : _a2[0], \"Expected to find at least one astNodeId\")), `Expected to find scenario step associated with id = ${(_b = pickleStep.astNodeIds) === null || _b === void 0 ? void 0 : _b[0]}`);\n    const argument = ((_c = pickleStep.argument) === null || _c === void 0 ? void 0 : _c.dataTable) ? new data_table_1.default(pickleStep.argument.dataTable) : ((_e = (_d = pickleStep.argument) === null || _d === void 0 ? void 0 : _d.docString) === null || _e === void 0 ? void 0 : _e.content) ? pickleStep.argument.docString.content : void 0;\n    cy.then(() => {\n      window.testState.pickleStep = step.pickleStep;\n      internalProperties.currentStep = { pickleStep };\n      const start = (0, messages_helpers_1.createTimestamp)();\n      messages.stack.push({\n        testStepStarted: {\n          testStepId: pickleStep.id,\n          testCaseStartedId,\n          timestamp: start\n        }\n      });\n      if (messages.enabled) {\n        cy.task(constants_1.TASK_TEST_STEP_STARTED, pickleStep.id, { log: false });\n      }\n      return cy.wrap(start, { log: false });\n    }).then((start) => {\n      try {\n        return (0, cypress_1.runStepWithLogGroup)({\n          keyword: (0, assertions_1.assertAndReturn)(\"keyword\" in scenarioStep && scenarioStep.keyword, \"Expected to find a keyword in the scenario step\"),\n          text,\n          fn: () => registry2.runStepDefininition(this, text, argument)\n        }).then((result) => {\n          return {\n            start,\n            result\n          };\n        });\n      } catch (e) {\n        if (e instanceof registry_1.MissingDefinitionError) {\n          throw new Error(createMissingStepDefinitionMessage(context, pickleStep, context.registry.parameterTypeRegistry));\n        } else {\n          throw e;\n        }\n      }\n    }).then(({ start, result }) => {\n      var _a3, _b2, _c2;\n      const end = (0, messages_helpers_1.createTimestamp)();\n      if (result === \"pending\") {\n        messages.stack.push({\n          testStepFinished: {\n            testStepId: pickleStep.id,\n            testCaseStartedId,\n            testStepResult: {\n              status: Status.Pending,\n              duration: (0, messages_helpers_1.duration)(start, end)\n            },\n            timestamp: end\n          }\n        });\n        remainingSteps.shift();\n        for (const skippedStep of remainingSteps) {\n          const testStepId = (0, assertions_1.assertAndReturn)((_b2 = (_a3 = skippedStep.hook) === null || _a3 === void 0 ? void 0 : _a3.id) !== null && _b2 !== void 0 ? _b2 : (_c2 = skippedStep.pickleStep) === null || _c2 === void 0 ? void 0 : _c2.id, \"Expected a step to either be a hook or a pickleStep\");\n          messages.stack.push({\n            testStepStarted: {\n              testStepId,\n              testCaseStartedId,\n              timestamp: (0, messages_helpers_1.createTimestamp)()\n            }\n          });\n          messages.stack.push({\n            testStepFinished: {\n              testStepId,\n              testCaseStartedId,\n              testStepResult: {\n                status: Status.Skipped,\n                duration: {\n                  seconds: 0,\n                  nanos: 0\n                }\n              },\n              timestamp: (0, messages_helpers_1.createTimestamp)()\n            }\n          });\n        }\n        for (let i = 0, count = remainingSteps.length; i < count; i++) {\n          remainingSteps.pop();\n        }\n        this.skip();\n      } else {\n        messages.stack.push({\n          testStepFinished: {\n            testStepId: pickleStep.id,\n            testCaseStartedId,\n            testStepResult: {\n              status: Status.Passed,\n              duration: (0, messages_helpers_1.duration)(start, end)\n            },\n            timestamp: end\n          }\n        });\n        remainingSteps.shift();\n      }\n    });\n  }\n}",
              "err": {
                "message": "CypressError: `cy.visit()` failed trying to load:\n\nhttp://localhost:3001/schedules\n\nThe `content-type` of the response we received from your web server was:\n\n  > `application/json`\n\nThis was considered a failure because responses must have `content-type: 'text/html'`\n\nHowever, you can likely use `cy.request()` instead of `cy.visit()`.\n\n`cy.request()` will automatically get and set cookies and enable you to parse responses.",
                "estack": "CypressError: `cy.visit()` failed trying to load:\n\nhttp://localhost:3001/schedules\n\nThe `content-type` of the response we received from your web server was:\n\n  > `application/json`\n\nThis was considered a failure because responses must have `content-type: 'text/html'`\n\nHowever, you can likely use `cy.request()` instead of `cy.visit()`.\n\n`cy.request()` will automatically get and set cookies and enable you to parse responses.\n    at <unknown> (http://localhost:3001/__cypress/runner/cypress_runner.js:130296:76)\n    at visitFailedByErr (http://localhost:3001/__cypress/runner/cypress_runner.js:129704:12)\n    at <unknown> (http://localhost:3001/__cypress/runner/cypress_runner.js:130279:13)\n    at tryCatcher (http://localhost:3001/__cypress/runner/cypress_runner.js:1807:23)\n    at Promise._settlePromiseFromHandler (http://localhost:3001/__cypress/runner/cypress_runner.js:1519:31)\n    at Promise._settlePromise (http://localhost:3001/__cypress/runner/cypress_runner.js:1576:18)\n    at Promise._settlePromise0 (http://localhost:3001/__cypress/runner/cypress_runner.js:1621:10)\n    at Promise._settlePromises (http://localhost:3001/__cypress/runner/cypress_runner.js:1697:18)\n    at _drainQueueStep (http://localhost:3001/__cypress/runner/cypress_runner.js:2407:12)\n    at _drainQueue (http://localhost:3001/__cypress/runner/cypress_runner.js:2400:9)\n    at Async._drainQueues (http://localhost:3001/__cypress/runner/cypress_runner.js:2416:5)\n    at Async.drainQueues (http://localhost:3001/__cypress/runner/cypress_runner.js:2286:14)\nFrom Your Spec Code:\n    at Context.eval (http://localhost:3001/__cypress/tests?p=cypress/e2e/features/assignment_editing.feature:10719:12)\n    at Registry.runStepDefininition (http://localhost:3001/__cypress/tests?p=cypress/e2e/features/assignment_editing.feature:9255:48)\n    at Object.fn (http://localhost:3001/__cypress/tests?p=cypress/e2e/features/assignment_editing.feature:10156:41)\n    at runStepWithLogGroup (http://localhost:3001/__cypress/tests?p=cypress/e2e/features/assignment_editing.feature:9860:36)\n    at Context.eval (http://localhost:3001/__cypress/tests?p=cypress/e2e/features/assignment_editing.feature:10153:60)",
                "diff": null
              },
              "uuid": "86dfbdac-8471-431d-a6ce-09b980a66c40",
              "parentUUID": "330b2d37-aaf4-4fa7-b9f3-5e6cb5fb1d24",
              "isHook": false,
              "skipped": false
            }
          ],
          "suites": [],
          "passes": [],
          "failures": [
            "fc970be8-ff12-41f8-a6ef-b65468eb1b3b",
            "2f2cb654-ab68-46fd-8e76-cc8a8f30c735",
            "e0597427-ee5d-435f-89ab-dd8c90950a4b",
            "4e492dfc-6cdb-4b32-9782-0267af25f0cd",
            "86dfbdac-8471-431d-a6ce-09b980a66c40"
          ],
          "pending": [],
          "skipped": [],
          "duration": 2916,
          "root": false,
          "rootEmpty": false,
          "_timeout": 2000
        }
      ],
      "passes": [],
      "failures": [],
      "pending": [],
      "skipped": [],
      "duration": 0,
      "root": true,
      "rootEmpty": true,
      "_timeout": 2000
    }
  ],
  "meta": {
    "mocha": {
      "version": "7.0.1"
    },
    "mochawesome": {
      "options": {
        "quiet": false,
        "reportFilename": "mochawesome",
        "saveHtml": true,
        "saveJson": true,
        "consoleReporter": "spec",
        "useInlineDiffs": false,
        "code": true
      },
      "version": "7.1.3"
    },
    "marge": {
      "options": {
        "id": "default",
        "reportDir": "cypress/reports/mochawesome",
        "overwrite": false,
        "html": true,
        "json": true,
        "timestamp": "mmddyyyy_HHMMss",
        "charts": true,
        "embeddedScreenshots": true,
        "inlineAssets": true
      },
      "version": "6.2.0"
    }
  }
}